Toilet #1 flush times: 9
Toilet #2 flush times: None
Toilet #3 flush times: 6 17
Toilet #4 flush times: 2
Toilet #5 flush times: None
Toilet #6 flush times: None
Toilet #7 flush times: 3 5 7 9 11 13 15 17 19 21 23 25 27 29 31 33 35 37 39 41 43 45 47 49 51 53 55 57 59 61 63 65 67 69 71 73 75 77 79 81 83 85 87 89 91 93 95 97 99
Toilet #8 flush times: 2 4 6 8 10 12 14 16 18 20 22 24 26 28 30 32 34 36 38 40 42 44 46 48 50 52 54 56 58 60 62 64 66 68 70 72 74 76 78 80 82 84 86 88 90 92 94 96 98 100
Toilet #9 flush times: None
Toilet #10 flush times: None
Toilet #11 flush times: None
Toilet #12 flush times: None
Toilet #13 flush times: None
Toilet #14 flush times: None
Toilet #15 flush times: None
Toilet #16 flush times: 18 88
Toilet #17 flush times: 33
Toilet #18 flush times: None
Toilet #19 flush times: 24 47
Toilet #20 flush times: None
Toilet #21 flush times: 10 18 36
Toilet #22 flush times: 13 23 38 51
Toilet #23 flush times: 18 41 68
Toilet #24 flush times: 14
Toilet #25 flush times: 30
Toilet #26 flush times: 9 41
Toilet #27 flush times: None
Toilet #28 flush times: 15 52
Toilet #29 flush times: 23
Toilet #30 flush times: 22
Toilet #31 flush times: 16 33
Toilet #32 flush times: None
Toilet #33 flush times: 12
Toilet #34 flush times: None
Toilet #35 flush times: 41 79
Toilet #36 flush times: None
Toilet #37 flush times: 20 45 61
Toilet #38 flush times: None
Toilet #39 flush times: 35
Toilet #40 flush times: None
Toilet #41 flush times: 27 49 73
Toilet #42 flush times: 24
Toilet #43 flush times: 16 27 40
Toilet #44 flush times: None
Toilet #45 flush times: 20 65
Toilet #46 flush times: 41
Toilet #47 flush times: 18
Toilet #48 flush times: 39 80
Toilet #49 flush times: 15 39 62
Toilet #50 flush times: 25 73
Toilet #51 flush times: 48
Toilet #52 flush times: 51
Toilet #53 flush times: 18 37
Toilet #54 flush times: 26 64 82
Toilet #55 flush times: 21
Toilet #56 flush times: 43
Toilet #57 flush times: None
Toilet #58 flush times: 43
Toilet #59 flush times: None
Toilet #60 flush times: None
Toilet #61 flush times: None
Toilet #62 flush times: None
Toilet #63 flush times: None
Toilet #64 flush times: None
Toilet #65 flush times: None
Toilet #66 flush times: None
Toilet #67 flush times: None
Toilet #68 flush times: None
Toilet #69 flush times: 69
